0 info it worked if it ends with ok
1 verbose cli [ '/usr/bin/nodejs',
1 verbose cli   '/usr/bin/npm',
1 verbose cli   'install',
1 verbose cli   'poloniex-api-node',
1 verbose cli   'request',
1 verbose cli   '--save' ]
2 info using npm@1.3.10
3 info using node@v0.10.25
4 warn package.json blockchains@0.0.0 No description
5 warn package.json blockchains@0.0.0 No repository field.
6 warn package.json blockchains@0.0.0 No README data
7 verbose readDependencies using package.json deps
8 verbose cache add [ 'poloniex-api-node', null ]
9 verbose cache add name=undefined spec="poloniex-api-node" args=["poloniex-api-node",null]
10 verbose parsed url { protocol: null,
10 verbose parsed url   slashes: null,
10 verbose parsed url   auth: null,
10 verbose parsed url   host: null,
10 verbose parsed url   port: null,
10 verbose parsed url   hostname: null,
10 verbose parsed url   hash: null,
10 verbose parsed url   search: null,
10 verbose parsed url   query: null,
10 verbose parsed url   pathname: 'poloniex-api-node',
10 verbose parsed url   path: 'poloniex-api-node',
10 verbose parsed url   href: 'poloniex-api-node' }
11 verbose cache add [ 'request', null ]
12 verbose cache add name=undefined spec="request" args=["request",null]
13 verbose parsed url { protocol: null,
13 verbose parsed url   slashes: null,
13 verbose parsed url   auth: null,
13 verbose parsed url   host: null,
13 verbose parsed url   port: null,
13 verbose parsed url   hostname: null,
13 verbose parsed url   hash: null,
13 verbose parsed url   search: null,
13 verbose parsed url   query: null,
13 verbose parsed url   pathname: 'request',
13 verbose parsed url   path: 'request',
13 verbose parsed url   href: 'request' }
14 silly lockFile ba1a1a11-poloniex-api-node poloniex-api-node
15 verbose lock poloniex-api-node /home/jsuguitan07/.npm/ba1a1a11-poloniex-api-node.lock
16 silly lockFile 088e29b0-request request
17 verbose lock request /home/jsuguitan07/.npm/088e29b0-request.lock
18 silly lockFile ba1a1a11-poloniex-api-node poloniex-api-node
19 silly lockFile ba1a1a11-poloniex-api-node poloniex-api-node
20 silly lockFile 088e29b0-request request
21 silly lockFile 088e29b0-request request
22 verbose addNamed [ 'poloniex-api-node', '' ]
23 verbose addNamed [ null, '*' ]
24 silly lockFile 13b7ebdc-poloniex-api-node poloniex-api-node@
25 verbose lock poloniex-api-node@ /home/jsuguitan07/.npm/13b7ebdc-poloniex-api-node.lock
26 verbose addNamed [ 'request', '' ]
27 verbose addNamed [ null, '*' ]
28 silly lockFile 9d461bcf-request request@
29 verbose lock request@ /home/jsuguitan07/.npm/9d461bcf-request.lock
30 silly addNameRange { name: 'poloniex-api-node', range: '*', hasData: false }
31 silly addNameRange { name: 'request', range: '*', hasData: false }
32 verbose url raw poloniex-api-node
33 verbose url resolving [ 'https://registry.npmjs.org/', './poloniex-api-node' ]
34 verbose url resolved https://registry.npmjs.org/poloniex-api-node
35 info trying registry request attempt 1 at 16:47:03
36 verbose etag "d5b70eff6f696b13e51b25befc533681"
37 http GET https://registry.npmjs.org/poloniex-api-node
38 verbose url raw request
39 verbose url resolving [ 'https://registry.npmjs.org/', './request' ]
40 verbose url resolved https://registry.npmjs.org/request
41 info trying registry request attempt 1 at 16:47:03
42 verbose etag "be1de49d9b1281c0614ac91479930c1e"
43 http GET https://registry.npmjs.org/request
44 http 304 https://registry.npmjs.org/request
45 silly registry.get cb [ 304,
45 silly registry.get   { date: 'Wed, 30 May 2018 23:47:03 GMT',
45 silly registry.get     connection: 'keep-alive',
45 silly registry.get     'set-cookie': [ '__cfduid=d54de54c6ccaa64333a2d48b7ab86d0ca1527724023; expires=Thu, 30-May-19 23:47:03 GMT; path=/; domain=.registry.npmjs.org; HttpOnly' ],
45 silly registry.get     'cache-control': 'max-age=300',
45 silly registry.get     'cf-cache-status': 'HIT',
45 silly registry.get     'cf-ray': '4235156aec865f6f-LAS',
45 silly registry.get     etag: '"be1de49d9b1281c0614ac91479930c1e"',
45 silly registry.get     'expect-ct': 'max-age=604800, report-uri="https://report-uri.cloudflare.com/cdn-cgi/beacon/expect-ct"',
45 silly registry.get     'last-modified': 'Sun, 27 May 2018 15:51:44 GMT',
45 silly registry.get     vary: 'accept-encoding, accept',
45 silly registry.get     server: 'cloudflare' } ]
46 verbose etag request from cache
47 http 304 https://registry.npmjs.org/poloniex-api-node
48 silly registry.get cb [ 304,
48 silly registry.get   { date: 'Wed, 30 May 2018 23:47:03 GMT',
48 silly registry.get     connection: 'keep-alive',
48 silly registry.get     'set-cookie': [ '__cfduid=dfc80e2556ee4d8516d132c97a37af72e1527724023; expires=Thu, 30-May-19 23:47:03 GMT; path=/; domain=.registry.npmjs.org; HttpOnly' ],
48 silly registry.get     'cache-control': 'max-age=300',
48 silly registry.get     'cf-cache-status': 'HIT',
48 silly registry.get     'cf-ray': '4235156af9585f99-LAS',
48 silly registry.get     etag: '"d5b70eff6f696b13e51b25befc533681"',
48 silly registry.get     'expect-ct': 'max-age=604800, report-uri="https://report-uri.cloudflare.com/cdn-cgi/beacon/expect-ct"',
48 silly registry.get     'last-modified': 'Sun, 27 May 2018 12:32:03 GMT',
48 silly registry.get     vary: 'accept-encoding, accept',
48 silly registry.get     server: 'cloudflare' } ]
49 verbose etag poloniex-api-node from cache
50 silly addNameRange number 2 { name: 'request', range: '*', hasData: true }
51 silly addNameRange versions [ 'request',
51 silly addNameRange   [ '0.10.0',
51 silly addNameRange     '0.8.3',
51 silly addNameRange     '0.9.0',
51 silly addNameRange     '0.9.1',
51 silly addNameRange     '0.9.5',
51 silly addNameRange     '1.0.0',
51 silly addNameRange     '1.1.0',
51 silly addNameRange     '1.1.1',
51 silly addNameRange     '1.2.0',
51 silly addNameRange     '1.9.0',
51 silly addNameRange     '1.9.1',
51 silly addNameRange     '1.9.2',
51 silly addNameRange     '1.9.3',
51 silly addNameRange     '1.9.5',
51 silly addNameRange     '1.9.7',
51 silly addNameRange     '1.9.8',
51 silly addNameRange     '1.9.9',
51 silly addNameRange     '2.0.0',
51 silly addNameRange     '2.0.1',
51 silly addNameRange     '2.0.2',
51 silly addNameRange     '2.0.3',
51 silly addNameRange     '2.0.4',
51 silly addNameRange     '2.0.5',
51 silly addNameRange     '2.1.0',
51 silly addNameRange     '2.1.1',
51 silly addNameRange     '2.2.0',
51 silly addNameRange     '2.2.5',
51 silly addNameRange     '2.2.6',
51 silly addNameRange     '2.2.9',
51 silly addNameRange     '2.9.0',
51 silly addNameRange     '2.9.1',
51 silly addNameRange     '2.9.2',
51 silly addNameRange     '2.9.3',
51 silly addNameRange     '2.9.100',
51 silly addNameRange     '2.9.150',
51 silly addNameRange     '2.9.151',
51 silly addNameRange     '2.9.152',
51 silly addNameRange     '2.9.153',
51 silly addNameRange     '2.9.200',
51 silly addNameRange     '2.9.201',
51 silly addNameRange     '2.9.202',
51 silly addNameRange     '2.9.203',
51 silly addNameRange     '2.10.0',
51 silly addNameRange     '2.11.0',
51 silly addNameRange     '2.11.1',
51 silly addNameRange     '2.11.2',
51 silly addNameRange     '2.11.3',
51 silly addNameRange     '2.11.4',
51 silly addNameRange     '2.12.0',
51 silly addNameRange     '2.14.0',
51 silly addNameRange     '2.16.0',
51 silly addNameRange     '2.16.2',
51 silly addNameRange     '2.16.4',
51 silly addNameRange     '2.16.6',
51 silly addNameRange     '2.18.0',
51 silly addNameRange     '2.19.0',
51 silly addNameRange     '2.20.0',
51 silly addNameRange     '2.21.0',
51 silly addNameRange     '2.22.0',
51 silly addNameRange     '2.23.0',
51 silly addNameRange     '2.24.0',
51 silly addNameRange     '2.25.0',
51 silly addNameRange     '2.26.0',
51 silly addNameRange     '2.27.0',
51 silly addNameRange     '2.28.0',
51 silly addNameRange     '2.29.0',
51 silly addNameRange     '2.30.0',
51 silly addNameRange     '2.31.0',
51 silly addNameRange     '2.32.0',
51 silly addNameRange     '2.33.0',
51 silly addNameRange     '2.34.0',
51 silly addNameRange     '2.35.0',
51 silly addNameRange     '2.36.0',
51 silly addNameRange     '2.37.0',
51 silly addNameRange     '2.38.0',
51 silly addNameRange     '2.39.0',
51 silly addNameRange     '2.40.0',
51 silly addNameRange     '2.41.0',
51 silly addNameRange     '2.42.0',
51 silly addNameRange     '2.43.0',
51 silly addNameRange     '2.44.0',
51 silly addNameRange     '2.45.0',
51 silly addNameRange     '2.46.0',
51 silly addNameRange     '2.47.0',
51 silly addNameRange     '2.48.0',
51 silly addNameRange     '2.49.0',
51 silly addNameRange     '2.50.0',
51 silly addNameRange     '2.51.0',
51 silly addNameRange     '2.52.0',
51 silly addNameRange     '2.53.0',
51 silly addNameRange     '2.54.0',
51 silly addNameRange     '2.55.0',
51 silly addNameRange     '2.56.0',
51 silly addNameRange     '2.57.0',
51 silly addNameRange     '2.58.0',
51 silly addNameRange     '2.59.0',
51 silly addNameRange     '2.60.0',
51 silly addNameRange     '2.61.0',
51 silly addNameRange     '2.62.0',
51 silly addNameRange     '2.63.0',
51 silly addNameRange     '2.64.0',
51 silly addNameRange     '2.65.0',
51 silly addNameRange     '2.66.0',
51 silly addNameRange     '2.67.0',
51 silly addNameRange     '2.68.0',
51 silly addNameRange     '2.69.0',
51 silly addNameRange     '2.70.0',
51 silly addNameRange     '2.71.0',
51 silly addNameRange     '2.72.0',
51 silly addNameRange     '2.73.0',
51 silly addNameRange     '2.74.0',
51 silly addNameRange     '2.75.0',
51 silly addNameRange     '2.76.0',
51 silly addNameRange     '2.77.0',
51 silly addNameRange     '2.78.0',
51 silly addNameRange     '2.79.0',
51 silly addNameRange     '2.80.0',
51 silly addNameRange     '2.81.0',
51 silly addNameRange     '2.82.0',
51 silly addNameRange     '2.83.0',
51 silly addNameRange     '2.84.0',
51 silly addNameRange     '2.85.0',
51 silly addNameRange     '2.86.0',
51 silly addNameRange     '2.87.0' ] ]
52 verbose addNamed [ 'request', '2.87.0' ]
53 verbose addNamed [ '2.87.0', '2.87.0' ]
54 silly lockFile 4e5ba5a7-request-2-87-0 request@2.87.0
55 verbose lock request@2.87.0 /home/jsuguitan07/.npm/4e5ba5a7-request-2-87-0.lock
56 silly addNameRange number 2 { name: 'poloniex-api-node', range: '*', hasData: true }
57 silly addNameRange versions [ 'poloniex-api-node',
57 silly addNameRange   [ '1.0.0',
57 silly addNameRange     '1.0.1',
57 silly addNameRange     '1.0.2',
57 silly addNameRange     '1.1.0',
57 silly addNameRange     '1.1.1',
57 silly addNameRange     '1.2.0',
57 silly addNameRange     '1.3.0',
57 silly addNameRange     '1.3.1',
57 silly addNameRange     '1.4.0',
57 silly addNameRange     '1.5.0',
57 silly addNameRange     '1.5.1',
57 silly addNameRange     '1.6.0',
57 silly addNameRange     '1.6.1',
57 silly addNameRange     '1.6.2',
57 silly addNameRange     '1.6.3',
57 silly addNameRange     '1.6.4',
57 silly addNameRange     '1.6.5',
57 silly addNameRange     '1.7.0',
57 silly addNameRange     '1.8.0',
57 silly addNameRange     '1.8.1',
57 silly addNameRange     '1.9.0' ] ]
58 verbose addNamed [ 'poloniex-api-node', '1.9.0' ]
59 verbose addNamed [ '1.9.0', '1.9.0' ]
60 silly lockFile 0401c144-poloniex-api-node-1-9-0 poloniex-api-node@1.9.0
61 verbose lock poloniex-api-node@1.9.0 /home/jsuguitan07/.npm/0401c144-poloniex-api-node-1-9-0.lock
62 silly lockFile 4e5ba5a7-request-2-87-0 request@2.87.0
63 silly lockFile 4e5ba5a7-request-2-87-0 request@2.87.0
64 silly lockFile 0401c144-poloniex-api-node-1-9-0 poloniex-api-node@1.9.0
65 silly lockFile 0401c144-poloniex-api-node-1-9-0 poloniex-api-node@1.9.0
66 silly lockFile 9d461bcf-request request@
67 silly lockFile 9d461bcf-request request@
68 silly lockFile 13b7ebdc-poloniex-api-node poloniex-api-node@
69 silly lockFile 13b7ebdc-poloniex-api-node poloniex-api-node@
70 silly resolved [ { name: 'request',
70 silly resolved     description: 'Simplified HTTP request client.',
70 silly resolved     keywords: [ 'http', 'simple', 'util', 'utility' ],
70 silly resolved     version: '2.87.0',
70 silly resolved     author: { name: 'Mikeal Rogers', email: 'mikeal.rogers@gmail.com' },
70 silly resolved     repository: { type: 'git', url: 'https://github.com/request/request.git' },
70 silly resolved     bugs: { url: 'http://github.com/request/request/issues' },
70 silly resolved     license: 'Apache-2.0',
70 silly resolved     engines: { node: '>= 4' },
70 silly resolved     main: 'index.js',
70 silly resolved     files: [ 'lib/', 'index.js', 'request.js' ],
70 silly resolved     dependencies:
70 silly resolved      { 'aws-sign2': '~0.7.0',
70 silly resolved        aws4: '^1.6.0',
70 silly resolved        caseless: '~0.12.0',
70 silly resolved        'combined-stream': '~1.0.5',
70 silly resolved        extend: '~3.0.1',
70 silly resolved        'forever-agent': '~0.6.1',
70 silly resolved        'form-data': '~2.3.1',
70 silly resolved        'har-validator': '~5.0.3',
70 silly resolved        'http-signature': '~1.2.0',
70 silly resolved        'is-typedarray': '~1.0.0',
70 silly resolved        isstream: '~0.1.2',
70 silly resolved        'json-stringify-safe': '~5.0.1',
70 silly resolved        'mime-types': '~2.1.17',
70 silly resolved        'oauth-sign': '~0.8.2',
70 silly resolved        'performance-now': '^2.1.0',
70 silly resolved        qs: '~6.5.1',
70 silly resolved        'safe-buffer': '^5.1.1',
70 silly resolved        'tough-cookie': '~2.3.3',
70 silly resolved        'tunnel-agent': '^0.6.0',
70 silly resolved        uuid: '^3.1.0' },
70 silly resolved     scripts:
70 silly resolved      { test: 'npm run lint && npm run test-ci && npm run test-browser',
70 silly resolved        'test-ci': 'taper tests/test-*.js',
70 silly resolved        'test-cov': 'istanbul cover tape tests/test-*.js',
70 silly resolved        'test-browser': 'node tests/browser/start.js',
70 silly resolved        lint: 'standard' },
70 silly resolved     devDependencies:
70 silly resolved      { bluebird: '^3.2.1',
70 silly resolved        browserify: '^13.0.1',
70 silly resolved        'browserify-istanbul': '^2.0.0',
70 silly resolved        'buffer-equal': '^1.0.0',
70 silly resolved        codecov: '^2.0.2',
70 silly resolved        coveralls: '^2.11.4',
70 silly resolved        'function-bind': '^1.0.2',
70 silly resolved        istanbul: '^0.4.0',
70 silly resolved        karma: '^1.1.1',
70 silly resolved        'karma-browserify': '^5.0.1',
70 silly resolved        'karma-cli': '^1.0.0',
70 silly resolved        'karma-coverage': '^1.0.0',
70 silly resolved        'karma-phantomjs-launcher': '^1.0.0',
70 silly resolved        'karma-tap': '^3.0.1',
70 silly resolved        'phantomjs-prebuilt': '^2.1.3',
70 silly resolved        rimraf: '^2.2.8',
70 silly resolved        'server-destroy': '^1.0.1',
70 silly resolved        standard: '^9.0.0',
70 silly resolved        tape: '^4.6.0',
70 silly resolved        taper: '^0.5.0' },
70 silly resolved     greenkeeper: { ignore: [Object] },
70 silly resolved     readme: '\n# Request - Simplified HTTP client\n\n[![npm package](https://nodei.co/npm/request.png?downloads=true&downloadRank=true&stars=true)](https://nodei.co/npm/request/)\n\n[![Build status](https://img.shields.io/travis/request/request/master.svg?style=flat-square)](https://travis-ci.org/request/request)\n[![Coverage](https://img.shields.io/codecov/c/github/request/request.svg?style=flat-square)](https://codecov.io/github/request/request?branch=master)\n[![Coverage](https://img.shields.io/coveralls/request/request.svg?style=flat-square)](https://coveralls.io/r/request/request)\n[![Dependency Status](https://img.shields.io/david/request/request.svg?style=flat-square)](https://david-dm.org/request/request)\n[![Known Vulnerabilities](https://snyk.io/test/npm/request/badge.svg?style=flat-square)](https://snyk.io/test/npm/request)\n[![Gitter](https://img.shields.io/badge/gitter-join_chat-blue.svg?style=flat-square)](https://gitter.im/request/request?utm_source=badge)\n\n\n## Super simple to use\n\nRequest is designed to be the simplest way possible to make http calls. It supports HTTPS and follows redirects by default.\n\n```js\nvar request = require(\'request\');\nrequest(\'http://www.google.com\', function (error, response, body) {\n  console.log(\'error:\', error); // Print the error if one occurred\n  console.log(\'statusCode:\', response && response.statusCode); // Print the response status code if a response was received\n  console.log(\'body:\', body); // Print the HTML for the Google homepage.\n});\n```\n\n\n## Table of contents\n\n- [Streaming](#streaming)\n- [Promises & Async/Await](#promises--asyncawait)\n- [Forms](#forms)\n- [HTTP Authentication](#http-authentication)\n- [Custom HTTP Headers](#custom-http-headers)\n- [OAuth Signing](#oauth-signing)\n- [Proxies](#proxies)\n- [Unix Domain Sockets](#unix-domain-sockets)\n- [TLS/SSL Protocol](#tlsssl-protocol)\n- [Support for HAR 1.2](#support-for-har-12)\n- [**All Available Options**](#requestoptions-callback)\n\nRequest also offers [convenience methods](#convenience-methods) like\n`request.defaults` and `request.post`, and there are\nlots of [usage examples](#examples) and several\n[debugging techniques](#debugging).\n\n\n---\n\n\n## Streaming\n\nYou can stream any response to a file stream.\n\n```js\nrequest(\'http://google.com/doodle.png\').pipe(fs.createWriteStream(\'doodle.png\'))\n```\n\nYou can also stream a file to a PUT or POST request. This method will also check the file extension against a mapping of file extensions to content-types (in this case `application/json`) and use the proper `content-type` in the PUT request (if the headers don’t already provide one).\n\n```js\nfs.createReadStream(\'file.json\').pipe(request.put(\'http://mysite.com/obj.json\'))\n```\n\nRequest can also `pipe` to itself. When doing so, `content-type` and `content-length` are preserved in the PUT headers.\n\n```js\nrequest.get(\'http://google.com/img.png\').pipe(request.put(\'http://mysite.com/img.png\'))\n```\n\nRequest emits a "response" event when a response is received. The `response` argument will be an instance of [http.IncomingMessage](https://nodejs.org/api/http.html#http_class_http_incomingmessage).\n\n```js\nrequest\n  .get(\'http://google.com/img.png\')\n  .on(\'response\', function(response) {\n    console.log(response.statusCode) // 200\n    console.log(response.headers[\'content-type\']) // \'image/png\'\n  })\n  .pipe(request.put(\'http://mysite.com/img.png\'))\n```\n\nTo easily handle errors when streaming requests, listen to the `error` event before piping:\n\n```js\nrequest\n  .get(\'http://mysite.com/doodle.png\')\n  .on(\'error\', function(err) {\n    console.log(err)\n  })\n  .pipe(fs.createWriteStream(\'doodle.png\'))\n```\n\nNow let’s get fancy.\n\n```js\nhttp.createServer(function (req, resp) {\n  if (req.url === \'/doodle.png\') {\n    if (req.method === \'PUT\') {\n      req.pipe(request.put(\'http://mysite.com/doodle.png\'))\n    } else if (req.method === \'GET\' || req.method === \'HEAD\') {\n      request.get(\'http://mysite.com/doodle.png\').pipe(resp)\n    }\n  }\n})\n```\n\nYou can also `pipe()` from `http.ServerRequest` instances, as well as to `http.ServerResponse` instances. The HTTP method, headers, and entity-body data will be sent. Which means that, if you don\'t really care about security, you can do:\n\n```js\nhttp.createServer(function (req, resp) {\n  if (req.url === \'/doodle.png\') {\n    var x = request(\'http://mysite.com/doodle.png\')\n    req.pipe(x)\n    x.pipe(resp)\n  }\n})\n```\n\nAnd since `pipe()` returns the destination stream in ≥ Node 0.5.x you can do one line proxying. :)\n\n```js\nreq.pipe(request(\'http://mysite.com/doodle.png\')).pipe(resp)\n```\n\nAlso, none of this new functionality conflicts with requests previous features, it just expands them.\n\n```js\nvar r = request.defaults({\'proxy\':\'http://localproxy.com\'})\n\nhttp.createServer(function (req, resp) {\n  if (req.url === \'/doodle.png\') {\n    r.get(\'http://google.com/doodle.png\').pipe(resp)\n  }\n})\n```\n\nYou can still use intermediate proxies, the requests will still follow HTTP forwards, etc.\n\n[back to top](#table-of-contents)\n\n\n---\n\n\n## Promises & Async/Await\n\n`request` supports both streaming and callback interfaces natively. If you\'d like `request` to return a Promise instead, you can use an alternative interface wrapper for `request`. These wrappers can be useful if you prefer to work with Promises, or if you\'d like to use `async`/`await` in ES2017.\n\nSeveral alternative interfaces are provided by the request team, including:\n- [`request-promise`](https://github.com/request/request-promise) (uses [Bluebird](https://github.com/petkaantonov/bluebird) Promises)\n- [`request-promise-native`](https://github.com/request/request-promise-native) (uses native Promises)\n- [`request-promise-any`](https://github.com/request/request-promise-any) (uses [any-promise](https://www.npmjs.com/package/any-promise) Promises)\n\n\n[back to top](#table-of-contents)\n\n\n---\n\n\n## Forms\n\n`request` supports `application/x-www-form-urlencoded` and `multipart/form-data` form uploads. For `multipart/related` refer to the `multipart` API.\n\n\n#### application/x-www-form-urlencoded (URL-Encoded Forms)\n\nURL-encoded forms are simple.\n\n```js\nrequest.post(\'http://service.com/upload\', {form:{key:\'value\'}})\n// or\nrequest.post(\'http://service.com/upload\').form({key:\'value\'})\n// or\nrequest.post({url:\'http://service.com/upload\', form: {key:\'value\'}}, function(err,httpResponse,body){ /* ... */ })\n```\n\n\n#### multipart/form-data (Multipart Form Uploads)\n\nFor `multipart/form-data` we use the [form-data](https://github.com/form-data/form-data) library by [@felixge](https://github.com/felixge). For the most cases, you can pass your upload form data via the `formData` option.\n\n\n```js\nvar formData = {\n  // Pass a simple key-value pair\n  my_field: \'my_value\',\n  // Pass data via Buffers\n  my_buffer: Buffer.from([1, 2, 3]),\n  // Pass data via Streams\n  my_file: fs.createReadStream(__dirname + \'/unicycle.jpg\'),\n  // Pass multiple values /w an Array\n  attachments: [\n    fs.createReadStream(__dirname + \'/attachment1.jpg\'),\n    fs.createReadStream(__dirname + \'/attachment2.jpg\')\n  ],\n  // Pass optional meta-data with an \'options\' object with style: {value: DATA, options: OPTIONS}\n  // Use case: for some types of streams, you\'ll need to provide "file"-related information manually.\n  // See the `form-data` README for more information about options: https://github.com/form-data/form-data\n  custom_file: {\n    value:  fs.createReadStream(\'/dev/urandom\'),\n    options: {\n      filename: \'topsecret.jpg\',\n      contentType: \'image/jpeg\'\n    }\n  }\n};\nrequest.post({url:\'http://service.com/upload\', formData: formData}, function optionalCallback(err, httpResponse, body) {\n  if (err) {\n    return console.error(\'upload failed:\', err);\n  }\n  console.log(\'Upload successful!  Server responded with:\', body);\n});\n```\n\nFor advanced cases, you can access the form-data object itself via `r.form()`. This can be modified until the request is fired on the next cycle of the event-loop. (Note that this calling `form()` will clear the currently set form data for that request.)\n\n```js\n// NOTE: Advanced use-case, for normal use see \'formData\' usage above\nvar r = request.post(\'http://service.com/upload\', function optionalCallback(err, httpResponse, body) {...})\nvar form = r.form();\nform.append(\'my_field\', \'my_value\');\nform.append(\'my_buffer\', Buffer.from([1, 2, 3]));\nform.append(\'custom_file\', fs.createReadStream(__dirname + \'/unicycle.jpg\'), {filename: \'unicycle.jpg\'});\n```\nSee the [form-data README](https://github.com/form-data/form-data) for more information & examples.\n\n\n#### multipart/related\n\nSome variations in different HTTP implementations require a newline/CRLF before, after, or both before and after the boundary of a `multipart/related` request (using the multipart option). This has been observed in the .NET WebAPI version 4.0. You can turn on a boundary preambleCRLF or postamble by passing them as `true` to your request options.\n\n```js\n  request({\n    method: \'PUT\',\n    preambleCRLF: true,\n    postambleCRLF: true,\n    uri: \'http://service.com/upload\',\n    multipart: [\n      {\n        \'content-type\': \'application/json\',\n        body: JSON.stringify({foo: \'bar\', _attachments: {\'message.txt\': {follows: true, length: 18, \'content_type\': \'text/plain\' }}})\n      },\n      { body: \'I am an attachment\' },\n      { body: fs.createReadStream(\'image.png\') }\n    ],\n    // alternatively pass an object containing additional options\n    multipart: {\n      chunked: false,\n      data: [\n        {\n          \'content-type\': \'application/json\',\n          body: JSON.stringify({foo: \'bar\', _attachments: {\'message.txt\': {follows: true, length: 18, \'content_type\': \'text/plain\' }}})\n        },\n        { body: \'I am an attachment\' }\n      ]\n    }\n  },\n  function (error, response, body) {\n    if (error) {\n      return console.error(\'upload failed:\', error);\n    }\n    console.log(\'Upload successful!  Server responded with:\', body);\n  })\n```\n\n[back to top](#table-of-contents)\n\n\n---\n\n\n## HTTP Authentication\n\n```js\nrequest.get(\'http://some.server.com/\').auth(\'username\', \'password\', false);\n// or\nrequest.get(\'http://some.server.com/\', {\n  \'auth\': {\n    \'user\': \'username\',\n    \'pass\': \'password\',\n    \'sendImmediately\': false\n  }\n});\n// or\nrequest.get(\'http://some.server.com/\').auth(null, null, true, \'bearerToken\');\n// or\nrequest.get(\'http://some.server.com/\', {\n  \'auth\': {\n    \'bearer\': \'bearerToken\'\n  }\n});\n```\n\nIf passed as an option, `auth` should be a hash containing values:\n\n- `user` || `username`\n- `pass` || `password`\n- `sendImmediately` (optional)\n- `bearer` (optional)\n\nThe method form takes parameters\n`auth(username, password, sendImmediately, bearer)`.\n\n`sendImmediately` defaults to `true`, which causes a basic or bearer\nauthentication header to be sent. If `sendImmediately` is `false`, then\n`request` will retry with a proper authentication header after receiving a\n`401` response from the server (which must contain a `WWW-Authenticate` header\nindicating the required authentication method).\n\nNote that you can also specify basic authentication using the URL itself, as\ndetailed in [RFC 1738](http://www.ietf.org/rfc/rfc1738.txt). Simply pass the\n`user:password` before the host with an `@` sign:\n\n```js\nvar username = \'username\',\n    password = \'password\',\n    url = \'http://\' + username + \':\' + password + \'@some.server.com\';\n\nrequest({url: url}, function (error, response, body) {\n   // Do more stuff with \'body\' here\n});\n```\n\nDigest authentication is supported, but it only works with `sendImmediately`\nset to `false`; otherwise `request` will send basic authentication on the\ninitial request, which will probably cause the request to fail.\n\nBearer authentication is supported, and is activated when the `bearer` value is\navailable. The value may be either a `String` or a `Function` returning a\n`String`. Using a function to supply the bearer token is particularly useful if\nused in conjunction with `defaults` to allow a single function to supply the\nlast known token at the time of sending a request, or to compute one on the fly.\n\n[back to top](#table-of-contents)\n\n\n---\n\n\n## Custom HTTP Headers\n\nHTTP Headers, such as `User-Agent`, can be set in the `options` object.\nIn the example below, we call the github API to find out the number\nof stars and forks for the request repository. This requires a\ncustom `User-Agent` header as well as https.\n\n```js\nvar request = require(\'request\');\n\nvar options = {\n  url: \'https://api.github.com/repos/request/request\',\n  headers: {\n    \'User-Agent\': \'request\'\n  }\n};\n\nfunction callback(error, response, body) {\n  if (!error && response.statusCode == 200) {\n    var info = JSON.parse(body);\n    console.log(info.stargazers_count + " Stars");\n    console.log(info.forks_count + " Forks");\n  }\n}\n\nrequest(options, callback);\n```\n\n[back to top](#table-of-contents)\n\n\n---\n\n\n## OAuth Signing\n\n[OAuth version 1.0](https://tools.ietf.org/html/rfc5849) is supported. The\ndefault signing algorithm is\n[HMAC-SHA1](https://tools.ietf.org/html/rfc5849#section-3.4.2):\n\n```js\n// OAuth1.0 - 3-legged server side flow (Twitter example)\n// step 1\nvar qs = require(\'querystring\')\n  , oauth =\n    { callback: \'http://mysite.com/callback/\'\n    , consumer_key: CONSUMER_KEY\n    , consumer_secret: CONSUMER_SECRET\n    }\n  , url = \'https://api.twitter.com/oauth/request_token\'\n  ;\nrequest.post({url:url, oauth:oauth}, function (e, r, body) {\n  // Ideally, you would take the body in the response\n  // and construct a URL that a user clicks on (like a sign in button).\n  // The verifier is only available in the response after a user has\n  // verified with twitter that they are authorizing your app.\n\n  // step 2\n  var req_data = qs.parse(body)\n  var uri = \'https://api.twitter.com/oauth/authenticate\'\n    + \'?\' + qs.stringify({oauth_token: req_data.oauth_token})\n  // redirect the user to the authorize uri\n\n  // step 3\n  // after the user is redirected back to your server\n  var auth_data = qs.parse(body)\n    , oauth =\n      { consumer_key: CONSUMER_KEY\n      , consumer_secret: CONSUMER_SECRET\n      , token: auth_data.oauth_token\n      , token_secret: req_data.oauth_token_secret\n      , verifier: auth_data.oauth_verifier\n      }\n    , url = \'https://api.twitter.com/oauth/access_token\'\n    ;\n  request.post({url:url, oauth:oauth}, function (e, r, body) {\n    // ready to make signed requests on behalf of the user\n    var perm_data = qs.parse(body)\n      , oauth =\n        { consumer_key: CONSUMER_KEY\n        , consumer_secret: CONSUMER_SECRET\n        , token: perm_data.oauth_token\n        , token_secret: perm_data.oauth_token_secret\n        }\n      , url = \'https://api.twitter.com/1.1/users/show.json\'\n      , qs =\n        { screen_name: perm_data.screen_name\n        , user_id: perm_data.user_id\n        }\n      ;\n    request.get({url:url, oauth:oauth, qs:qs, json:true}, function (e, r, user) {\n      console.log(user)\n    })\n  })\n})\n```\n\nFor [RSA-SHA1 signing](https://tools.ietf.org/html/rfc5849#section-3.4.3), make\nthe following changes to the OAuth options object:\n* Pass `signature_method : \'RSA-SHA1\'`\n* Instead of `consumer_secret`, specify a `private_key` string in\n  [PEM format](http://how2ssl.com/articles/working_with_pem_files/)\n\nFor [PLAINTEXT signing](http://oauth.net/core/1.0/#anchor22), make\nthe following changes to the OAuth options object:\n* Pass `signature_method : \'PLAINTEXT\'`\n\nTo send OAuth parameters via query params or in a post body as described in The\n[Consumer Request Parameters](http://oauth.net/core/1.0/#consumer_req_param)\nsection of the oauth1 spec:\n* Pass `transport_method : \'query\'` or `transport_method : \'body\'` in the OAuth\n  options object.\n* `transport_method` defaults to `\'header\'`\n\nTo use [Request Body Hash](https://oauth.googlecode.com/svn/spec/ext/body_hash/1.0/oauth-bodyhash.html) you can either\n* Manually generate the body hash and pass it as a string `body_hash: \'...\'`\n* Automatically generate the body hash by passing `body_hash: true`\n\n[back to top](#table-of-contents)\n\n\n---\n\n\n## Proxies\n\nIf you specify a `proxy` option, then the request (and any subsequent\nredirects) will be sent via a connection to the proxy server.\n\nIf your endpoint is an `https` url, and you are using a proxy, then\nrequest will send a `CONNECT` request to the proxy server *first*, and\nthen use the supplied connection to connect to the endpoint.\n\nThat is, first it will make a request like:\n\n```\nHTTP/1.1 CONNECT endpoint-server.com:80\nHost: proxy-server.com\nUser-Agent: whatever user agent you specify\n```\n\nand then the proxy server make a TCP connection to `endpoint-server`\non port `80`, and return a response that looks like:\n\n```\nHTTP/1.1 200 OK\n```\n\nAt this point, the connection is left open, and the client is\ncommunicating directly with the `endpoint-server.com` machine.\n\nSee [the wikipedia page on HTTP Tunneling](https://en.wikipedia.org/wiki/HTTP_tunnel)\nfor more information.\n\nBy default, when proxying `http` traffic, request will simply make a\nstandard proxied `http` request. This is done by making the `url`\nsection of the initial line of the request a fully qualified url to\nthe endpoint.\n\nFor example, it will make a single request that looks like:\n\n```\nHTTP/1.1 GET http://endpoint-server.com/some-url\nHost: proxy-server.com\nOther-Headers: all go here\n\nrequest body or whatever\n```\n\nBecause a pure "http over http" tunnel offers no additional security\nor other features, it is generally simpler to go with a\nstraightforward HTTP proxy in this case. However, if you would like\nto force a tunneling proxy, you may set the `tunnel` option to `true`.\n\nYou can also make a standard proxied `http` request by explicitly setting\n`tunnel : false`, but **note that this will allow the proxy to see the traffic\nto/from the destination server**.\n\nIf you are using a tunneling proxy, you may set the\n`proxyHeaderWhiteList` to share certain headers with the proxy.\n\nYou can also set the `proxyHeaderExclusiveList` to share certain\nheaders only with the proxy and not with destination host.\n\nBy default, this set is:\n\n```\naccept\naccept-charset\naccept-encoding\naccept-language\naccept-ranges\ncache-control\ncontent-encoding\ncontent-language\ncontent-length\ncontent-location\ncontent-md5\ncontent-range\ncontent-type\nconnection\ndate\nexpect\nmax-forwards\npragma\nproxy-authorization\nreferer\nte\ntransfer-encoding\nuser-agent\nvia\n```\n\nNote that, when using a tunneling proxy, the `proxy-authorization`\nheader and any headers from custom `proxyHeaderExclusiveList` are\n*never* sent to the endpoint server, but only to the proxy server.\n\n\n### Controlling proxy behaviour using environment variables\n\nThe following environment variables are respected by `request`:\n\n * `HTTP_PROXY` / `http_proxy`\n * `HTTPS_PROXY` / `https_proxy`\n * `NO_PROXY` / `no_proxy`\n\nWhen `HTTP_PROXY` / `http_proxy` are set, they will be used to proxy non-SSL requests that do not have an explicit `proxy` configuration option present. Similarly, `HTTPS_PROXY` / `https_proxy` will be respected for SSL requests that do not have an explicit `proxy` configuration option. It is valid to define a proxy in one of the environment variables, but then override it for a specific request, using the `proxy` configuration option. Furthermore, the `proxy` configuration option can be explicitly set to false / null to opt out of proxying altogether for that request.\n\n`request` is also aware of the `NO_PROXY`/`no_proxy` environment variables. These variables provide a granular way to opt out of proxying, on a per-host basis. It should contain a comma separated list of hosts to opt out of proxying. It is also possible to opt of proxying when a particular destination port is used. Finally, the variable may be set to `*` to opt out of the implicit proxy configuration of the other environment variables.\n\nHere\'s some examples of valid `no_proxy` values:\n\n * `google.com` - don\'t proxy HTTP/HTTPS requests to Google.\n * `google.com:443` - don\'t proxy HTTPS requests to Google, but *do* proxy HTTP requests to Google.\n * `google.com:443, yahoo.com:80` - don\'t proxy HTTPS requests to Google, and don\'t proxy HTTP requests to Yahoo!\n * `*` - ignore `https_proxy`/`http_proxy` environment variables altogether.\n\n[back to top](#table-of-contents)\n\n\n---\n\n\n## UNIX Domain Sockets\n\n`request` supports making requests to [UNIX Domain Sockets](https://en.wikipedia.org/wiki/Unix_domain_socket). To make one, use the following URL scheme:\n\n```js\n/* Pattern */ \'http://unix:SOCKET:PATH\'\n/* Example */ request.get(\'http://unix:/absolute/path/to/unix.socket:/request/path\')\n```\n\nNote: The `SOCKET` path is assumed to be absolute to the root of the host file system.\n\n[back to top](#table-of-contents)\n\n\n---\n\n\n## TLS/SSL Protocol\n\nTLS/SSL Protocol options, such as `cert`, `key` and `passphrase`, can be\nset directly in `options` object, in the `agentOptions` property of the `options` object, or even in `https.globalAgent.options`. Keep in mind that, although `agentOptions` allows for a slightly wider range of configurations, the recommended way is via `options` object directly, as using `agentOptions` or `https.globalAgent.options` would not be applied in the same way in proxied environments (as data travels through a TLS connection instead of an http/https agent).\n\n```js\nvar fs = require(\'fs\')\n    , path = require(\'path\')\n    , certFile = path.resolve(__dirname, \'ssl/client.crt\')\n    , keyFile = path.resolve(__dirname, \'ssl/client.key\')\n    , caFile = path.resolve(__dirname, \'ssl/ca.cert.pem\')\n    , request = require(\'request\');\n\nvar options = {\n    url: \'https://api.some-server.com/\',\n    cert: fs.readFileSync(certFile),\n    key: fs.readFileSync(keyFile),\n    passphrase: \'password\',\n    ca: fs.readFileSync(caFile)\n};\n\nrequest.get(options);\n```\n\n### Using `options.agentOptions`\n\nIn the example below, we call an API that requires client side SSL certificate\n(in PEM format) with passphrase protected private key (in PEM format) and disable the SSLv3 protocol:\n\n```js\nvar fs = require(\'fs\')\n    , path = require(\'path\')\n    , certFile = path.resolve(__dirname, \'ssl/client.crt\')\n    , keyFile = path.resolve(__dirname, \'ssl/client.key\')\n    , request = require(\'request\');\n\nvar options = {\n    url: \'https://api.some-server.com/\',\n    agentOptions: {\n        cert: fs.readFileSync(certFile),\n        key: fs.readFileSync(keyFile),\n        // Or use `pfx` property replacing `cert` and `key` when using private key, certificate and CA certs in PFX or PKCS12 format:\n        // pfx: fs.readFileSync(pfxFilePath),\n        passphrase: \'password\',\n        securityOptions: \'SSL_OP_NO_SSLv3\'\n    }\n};\n\nrequest.get(options);\n```\n\nIt is able to force using SSLv3 only by specifying `secureProtocol`:\n\n```js\nrequest.get({\n    url: \'https://api.some-server.com/\',\n    agentOptions: {\n        secureProtocol: \'SSLv3_method\'\n    }\n});\n```\n\nIt is possible to accept other certificates than those signed by generally allowed Certificate Authorities (CAs).\nThis can be useful, for example,  when using self-signed certificates.\nTo require a different root certificate, you can specify the signing CA by adding the contents of the CA\'s certificate file to the `agentOptions`.\nThe certificate the domain presents must be signed by the root certificate specified:\n\n```js\nrequest.get({\n    url: \'https://api.some-server.com/\',\n    agentOptions: {\n        ca: fs.readFileSync(\'ca.cert.pem\')\n    }\n});\n```\n\n[back to top](#table-of-contents)\n\n\n---\n\n## Support for HAR 1.2\n\nThe `options.har` property will override the values: `url`, `method`, `qs`, `headers`, `form`, `formData`, `body`, `json`, as well as construct multipart data and read files from disk when `request.postData.params[].fileName` is present without a matching `value`.\n\nA validation step will check if the HAR Request format matches the latest spec (v1.2) and will skip parsing if not matching.\n\n```js\n  var request = require(\'request\')\n  request({\n    // will be ignored\n    method: \'GET\',\n    uri: \'http://www.google.com\',\n\n    // HTTP Archive Request Object\n    har: {\n      url: \'http://www.mockbin.com/har\',\n      method: \'POST\',\n      headers: [\n        {\n          name: \'content-type\',\n          value: \'application/x-www-form-urlencoded\'\n        }\n      ],\n      postData: {\n        mimeType: \'application/x-www-form-urlencoded\',\n        params: [\n          {\n            name: \'foo\',\n            value: \'bar\'\n          },\n          {\n            name: \'hello\',\n            value: \'world\'\n          }\n        ]\n      }\n    }\n  })\n\n  // a POST request will be sent to http://www.mockbin.com\n  // with body an application/x-www-form-urlencoded body:\n  // foo=bar&hello=world\n```\n\n[back to top](#table-of-contents)\n\n\n---\n\n## request(options, callback)\n\nThe first argument can be either a `url` or an `options` object. The only required option is `uri`; all others are optional.\n\n- `uri` || `url` - fully qualified uri or a parsed url object from `url.parse()`\n- `baseUrl` - fully qualified uri string used as the base url. Most useful with `request.defaults`, for example when you want to do many requests to the same domain. If `baseUrl` is `https://example.com/api/`, then requesting `/end/point?test=true` will fetch `https://example.com/api/end/point?test=true`. When `baseUrl` is given, `uri` must also be a string.\n- `method` - http method (default: `"GET"`)\n- `headers` - http headers (default: `{}`)\n\n---\n\n- `qs` - object containing querystring values to be appended to the `uri`\n- `qsParseOptions` - object containing options to pass to the [qs.parse](https://github.com/hapijs/qs#parsing-objects) method. Alternatively pass options to the [querystring.parse](https://nodejs.org/docs/v0.12.0/api/querystring.html#querystring_querystring_parse_str_sep_eq_options) method using this format `{sep:\';\', eq:\':\', options:{}}`\n- `qsStringifyOptions` - object containing options to pass to the [qs.stringify](https://github.com/hapijs/qs#stringifying) method. Alternatively pass options to the  [querystring.stringify](https://nodejs.org/docs/v0.12.0/api/querystring.html#querystring_querystring_stringify_obj_sep_eq_options) method using this format `{sep:\';\', eq:\':\', options:{}}`. For example, to change the way arrays are converted to query strings using the `qs` module pass the `arrayFormat` option with one of `indices|brackets|repeat`\n- `useQuerystring` - if true, use `querystring` to stringify and parse\n  querystrings, otherwise use `qs` (default: `false`). Set this option to\n  `true` if you need arrays to be serialized as `foo=bar&foo=baz` instead of the\n  default `foo[0]=bar&foo[1]=baz`.\n\n---\n\n- `body` - entity body for PATCH, POST and PUT requests. Must be a `Buffer`, `String` or `ReadStream`. If `json` is `true`, then `body` must be a JSON-serializable object.\n- `form` - when passed an object or a querystring, this sets `body` to a querystring representation of value, and adds `Content-type: application/x-www-form-urlencoded` header. When passed no options, a `FormData` instance is returned (and is piped to request). See "Forms" section above.\n- `formData` - data to pass for a `multipart/form-data` request. See\n  [Forms](#forms) section above.\n- `multipart` - array of objects which contain their own headers and `body`\n  attributes. Sends a `multipart/related` request. See [Forms](#forms) section\n  above.\n  - Alternatively you can pass in an object `{chunked: false, data: []}` where\n    `chunked` is used to specify whether the request is sent in\n    [chunked transfer encoding](https://en.wikipedia.org/wiki/Chunked_transfer_encoding)\n    In non-chunked requests, data items with body streams are not allowed.\n- `preambleCRLF` - append a newline/CRLF before the boundary of your `multipart/form-data` request.\n- `postambleCRLF` - append a newline/CRLF at the end of the boundary of your `multipart/form-data` request.\n- `json` - sets `body` to JSON representation of value and adds `Content-type: application/json` header. Additionally, parses the response body as JSON.\n- `jsonReviver` - a [reviver function](https://developer.mozilla.org/en-US/docs/Web/JavaScript/Reference/Global_Objects/JSON/parse) that will be passed to `JSON.parse()` when parsing a JSON response body.\n- `jsonReplacer` - a [replacer function](https://developer.mozilla.org/en-US/docs/Web/JavaScript/Reference/Global_Objects/JSON/stringify) that will be passed to `JSON.stringify()` when stringifying a JSON request body.\n\n---\n\n- `auth` - a hash containing values `user` || `username`, `pass` || `password`, and `sendImmediately` (optional). See documentation above.\n- `oauth` - options for OAuth HMAC-SHA1 signing. See documentation above.\n- `hawk` - options for [Hawk signing](https://github.com/hueniverse/hawk). The `credentials` key must contain the necessary signing info, [see hawk docs for details](https://github.com/hueniverse/hawk#usage-example).\n- `aws` - `object` containing AWS signing information. Should have the properties `key`, `secret`, and optionally `session` (note that this only works for services that require session as part of the canonical string). Also requires the property `bucket`, unless you’re specifying your `bucket` as part of the path, or the request doesn’t use a bucket (i.e. GET Services). If you want to use AWS sign version 4 use the parameter `sign_version` with value `4` otherwise the default is version 2. **Note:** you need to `npm install aws4` first.\n- `httpSignature` - options for the [HTTP Signature Scheme](https://github.com/joyent/node-http-signature/blob/master/http_signing.md) using [Joyent\'s library](https://github.com/joyent/node-http-signature). The `keyId` and `key` properties must be specified. See the docs for other options.\n\n---\n\n- `followRedirect` - follow HTTP 3xx responses as redirects (default: `true`). This property can also be implemented as function which gets `response` object as a single argument and should return `true` if redirects should continue or `false` otherwise.\n- `followAllRedirects` - follow non-GET HTTP 3xx responses as redirects (default: `false`)\n- `followOriginalHttpMethod` - by default we redirect to HTTP method GET. you can enable this property to redirect to the original HTTP method (default: `false`)\n- `maxRedirects` - the maximum number of redirects to follow (default: `10`)\n- `removeRefererHeader` - removes the referer header when a redirect happens (default: `false`). **Note:** if true, referer header set in the initial request is preserved during redirect chain.\n\n---\n\n- `encoding` - encoding to be used on `setEncoding` of response data. If `null`, the `body` is returned as a `Buffer`. Anything else **(including the default value of `undefined`)** will be passed as the [encoding](http://nodejs.org/api/buffer.html#buffer_buffer) parameter to `toString()` (meaning this is effectively `utf8` by default). (**Note:** if you expect binary data, you should set `encoding: null`.)\n- `gzip` - if `true`, add an `Accept-Encoding` header to request compressed content encodings from the server (if not already present) and decode supported content encodings in the response. **Note:** Automatic decoding of the response content is performed on the body data returned through `request` (both through the `request` stream and passed to the callback function) but is not performed on the `response` stream (available from the `response` event) which is the unmodified `http.IncomingMessage` object which may contain compressed data. See example below.\n- `jar` - if `true`, remember cookies for future use (or define your custom cookie jar; see examples section)\n\n---\n\n- `agent` - `http(s).Agent` instance to use\n- `agentClass` - alternatively specify your agent\'s class name\n- `agentOptions` - and pass its options. **Note:** for HTTPS see [tls API doc for TLS/SSL options](http://nodejs.org/api/tls.html#tls_tls_connect_options_callback) and the [documentation above](#using-optionsagentoptions).\n- `forever` - set to `true` to use the [forever-agent](https://github.com/request/forever-agent) **Note:** Defaults to `http(s).Agent({keepAlive:true})` in node 0.12+\n- `pool` - an object describing which agents to use for the request. If this option is omitted the request will use the global agent (as long as your options allow for it). Otherwise, request will search the pool for your custom agent. If no custom agent is found, a new agent will be created and added to the pool. **Note:** `pool` is used only when the `agent` option is not specified.\n  - A `maxSockets` property can also be provided on the `pool` object to set the max number of sockets for all agents created (ex: `pool: {maxSockets: Infinity}`).\n  - Note that if you are sending multiple requests in a loop and creating\n    multiple new `pool` objects, `maxSockets` will not work as intended. To\n    work around this, either use [`request.defaults`](#requestdefaultsoptions)\n    with your pool options or create the pool object with the `maxSockets`\n    property outside of the loop.\n- `timeout` - integer containing the number of milliseconds to wait for a\nserver to send response headers (and start the response body) before aborting\nthe request. Note that if the underlying TCP connection cannot be established,\nthe OS-wide TCP connection timeout will overrule the `timeout` option ([the\ndefault in Linux can be anywhere from 20-120 seconds][linux-timeout]).\n\n[linux-timeout]: http://www.sekuda.com/overriding_the_default_linux_kernel_20_second_tcp_socket_connect_timeout\n\n---\n\n- `localAddress` - local interface to bind for network connections.\n- `proxy` - an HTTP proxy to be used. Supports proxy Auth with Basic Auth, identical to support for the `url` parameter (by embedding the auth info in the `uri`)\n- `strictSSL` - if `true`, requires SSL certificates be valid. **Note:** to use your own certificate authority, you need to specify an agent that was created with that CA as an option.\n- `tunnel` - controls the behavior of\n  [HTTP `CONNECT` tunneling](https://en.wikipedia.org/wiki/HTTP_tunnel#HTTP_CONNECT_tunneling)\n  as follows:\n   - `undefined` (default) - `true` if the destination is `https`, `false` otherwise\n   - `true` - always tunnel to the destination by making a `CONNECT` request to\n     the proxy\n   - `false` - request the destination as a `GET` request.\n- `proxyHeaderWhiteList` - a whitelist of headers to send to a\n  tunneling proxy.\n- `proxyHeaderExclusiveList` - a whitelist of headers to send\n  exclusively to a tunneling proxy and not to destination.\n\n---\n\n- `time` - if `true`, the request-response cycle (including all redirects) is timed at millisecond resolution. When set, the following properties are added to the response object:\n  - `elapsedTime` Duration of the entire request/response in milliseconds (*deprecated*).\n  - `responseStartTime` Timestamp when the response began (in Unix Epoch milliseconds) (*deprecated*).\n  - `timingStart` Timestamp of the start of the request (in Unix Epoch milliseconds).\n  - `timings` Contains event timestamps in millisecond resolution relative to `timingStart`. If there were redirects, the properties reflect the timings of the final request in the redirect chain:\n    - `socket` Relative timestamp when the [`http`](https://nodejs.org/api/http.html#http_event_socket) module\'s `socket` event fires. This happens when the socket is assigned to the request.\n    - `lookup` Relative timestamp when the [`net`](https://nodejs.org/api/net.html#net_event_lookup) module\'s `lookup` event fires. This happens when the DNS has been resolved.\n    - `connect`: Relative timestamp when the [`net`](https://nodejs.org/api/net.html#net_event_connect) module\'s `connect` event fires. This happens when the server acknowledges the TCP connection.\n    - `response`: Relative timestamp when the [`http`](https://nodejs.org/api/http.html#http_event_response) module\'s `response` event fires. This happens when the first bytes are received from the server.\n    - `end`: Relative timestamp when the last bytes of the response are received.\n  - `timingPhases` Contains the durations of each request phase. If there were redirects, the properties reflect the timings of the final request in the redirect chain:\n    - `wait`: Duration of socket initialization (`timings.socket`)\n    - `dns`: Duration of DNS lookup (`timings.lookup` - `timings.socket`)\n    - `tcp`: Duration of TCP connection (`timings.connect` - `timings.socket`)\n    - `firstByte`: Duration of HTTP server response (`timings.response` - `timings.connect`)\n    - `download`: Duration of HTTP download (`timings.end` - `timings.response`)\n    - `total`: Duration entire HTTP round-trip (`timings.end`)\n\n- `har` - a [HAR 1.2 Request Object](http://www.softwareishard.com/blog/har-12-spec/#request), will be processed from HAR format into options overwriting matching values *(see the [HAR 1.2 section](#support-for-har-1.2) for details)*\n- `callback` - alternatively pass the request\'s callback in the options object\n\nThe callback argument gets 3 arguments:\n\n1. An `error` when applicable (usually from [`http.ClientRequest`](http://nodejs.org/api/http.html#http_class_http_clientrequest) object)\n2. An [`http.IncomingMessage`](https://nodejs.org/api/http.html#http_class_http_incomingmessage) object (Response object)\n3. The third is the `response` body (`String` or `Buffer`, or JSON object if the `json` option is supplied)\n\n[back to top](#table-of-contents)\n\n\n---\n\n## Convenience methods\n\nThere are also shorthand methods for different HTTP METHODs and some other conveniences.\n\n\n### request.defaults(options)\n\nThis method **returns a wrapper** around the normal request API that defaults\nto whatever options you pass to it.\n\n**Note:** `request.defaults()` **does not** modify the global request API;\ninstead, it **returns a wrapper** that has your default settings applied to it.\n\n**Note:** You can call `.defaults()` on the wrapper that is returned from\n`request.defaults` to add/override defaults that were previously defaulted.\n\nFor example:\n```js\n//requests using baseRequest() will set the \'x-token\' header\nvar baseRequest = request.defaults({\n  headers: {\'x-token\': \'my-token\'}\n})\n\n//requests using specialRequest() will include the \'x-token\' header set in\n//baseRequest and will also include the \'special\' header\nvar specialRequest = baseRequest.defaults({\n  headers: {special: \'special value\'}\n})\n```\n\n### request.METHOD()\n\nThese HTTP method convenience functions act just like `request()` but with a default method already set for you:\n\n- *request.get()*: Defaults to `method: "GET"`.\n- *request.post()*: Defaults to `method: "POST"`.\n- *request.put()*: Defaults to `method: "PUT"`.\n- *request.patch()*: Defaults to `method: "PATCH"`.\n- *request.del() / request.delete()*: Defaults to `method: "DELETE"`.\n- *request.head()*: Defaults to `method: "HEAD"`.\n- *request.options()*: Defaults to `method: "OPTIONS"`.\n\n### request.cookie()\n\nFunction that creates a new cookie.\n\n```js\nrequest.cookie(\'key1=value1\')\n```\n### request.jar()\n\nFunction that creates a new cookie jar.\n\n```js\nrequest.jar()\n```\n\n[back to top](#table-of-contents)\n\n\n---\n\n\n## Debugging\n\nThere are at least three ways to debug the operation of `request`:\n\n1. Launch the node process like `NODE_DEBUG=request node script.js`\n   (`lib,request,otherlib` works too).\n\n2. Set `require(\'request\').debug = true` at any time (this does the same thing\n   as #1).\n\n3. Use the [request-debug module](https://github.com/request/request-debug) to\n   view request and response headers and bodies.\n\n[back to top](#table-of-contents)\n\n\n---\n\n## Timeouts\n\nMost requests to external servers should have a timeout attached, in case the\nserver is not responding in a timely manner. Without a timeout, your code may\nhave a socket open/consume resources for minutes or more.\n\nThere are two main types of timeouts: **connection timeouts** and **read\ntimeouts**. A connect timeout occurs if the timeout is hit while your client is\nattempting to establish a connection to a remote machine (corresponding to the\n[connect() call][connect] on the socket). A read timeout occurs any time the\nserver is too slow to send back a part of the response.\n\nThese two situations have widely different implications for what went wrong\nwith the request, so it\'s useful to be able to distinguish them. You can detect\ntimeout errors by checking `err.code` for an \'ETIMEDOUT\' value. Further, you\ncan detect whether the timeout was a connection timeout by checking if the\n`err.connect` property is set to `true`.\n\n```js\nrequest.get(\'http://10.255.255.1\', {timeout: 1500}, function(err) {\n    console.log(err.code === \'ETIMEDOUT\');\n    // Set to `true` if the timeout was a connection timeout, `false` or\n    // `undefined` otherwise.\n    console.log(err.connect === true);\n    process.exit(0);\n});\n```\n\n[connect]: http://linux.die.net/man/2/connect\n\n## Examples:\n\n```js\n  var request = require(\'request\')\n    , rand = Math.floor(Math.random()*100000000).toString()\n    ;\n  request(\n    { method: \'PUT\'\n    , uri: \'http://mikeal.iriscouch.com/testjs/\' + rand\n    , multipart:\n      [ { \'content-type\': \'application/json\'\n        ,  body: JSON.stringify({foo: \'bar\', _attachments: {\'message.txt\': {follows: true, length: 18, \'content_type\': \'text/plain\' }}})\n        }\n      , { body: \'I am an attachment\' }\n      ]\n    }\n  , function (error, response, body) {\n      if(response.statusCode == 201){\n        console.log(\'document saved as: http://mikeal.iriscouch.com/testjs/\'+ rand)\n      } else {\n        console.log(\'error: \'+ response.statusCode)\n        console.log(body)\n      }\n    }\n  )\n```\n\nFor backwards-compatibility, response compression is not supported by default.\nTo accept gzip-compressed responses, set the `gzip` option to `true`. Note\nthat the body data passed through `request` is automatically decompressed\nwhile the response object is unmodified and will contain compressed data if\nthe server sent a compressed response.\n\n```js\n  var request = require(\'request\')\n  request(\n    { method: \'GET\'\n    , uri: \'http://www.google.com\'\n    , gzip: true\n    }\n  , function (error, response, body) {\n      // body is the decompressed response body\n      console.log(\'server encoded the data as: \' + (response.headers[\'content-encoding\'] || \'identity\'))\n      console.log(\'the decoded data is: \' + body)\n    }\n  )\n  .on(\'data\', function(data) {\n    // decompressed data as it is received\n    console.log(\'decoded chunk: \' + data)\n  })\n  .on(\'response\', function(response) {\n    // unmodified http.IncomingMessage object\n    response.on(\'data\', function(data) {\n      // compressed data as it is received\n      console.log(\'received \' + data.length + \' bytes of compressed data\')\n    })\n  })\n```\n\nCookies are disabled by default (else, they would be used in subsequent requests). To enable cookies, set `jar` to `true` (either in `defaults` or `options`).\n\n```js\nvar request = request.defaults({jar: true})\nrequest(\'http://www.google.com\', function () {\n  request(\'http://images.google.com\')\n})\n```\n\nTo use a custom cookie jar (instead of `request`’s global cookie jar), set `jar` to an instance of `request.jar()` (either in `defaults` or `options`)\n\n```js\nvar j = request.jar()\nvar request = request.defaults({jar:j})\nrequest(\'http://www.google.com\', function () {\n  request(\'http://images.google.com\')\n})\n```\n\nOR\n\n```js\nvar j = request.jar();\nvar cookie = request.cookie(\'key1=value1\');\nvar url = \'http://www.google.com\';\nj.setCookie(cookie, url);\nrequest({url: url, jar: j}, function () {\n  request(\'http://images.google.com\')\n})\n```\n\nTo use a custom cookie store (such as a\n[`FileCookieStore`](https://github.com/mitsuru/tough-cookie-filestore)\nwhich supports saving to and restoring from JSON files), pass it as a parameter\nto `request.jar()`:\n\n```js\nvar FileCookieStore = require(\'tough-cookie-filestore\');\n// NOTE - currently the \'cookies.json\' file must already exist!\nvar j = request.jar(new FileCookieStore(\'cookies.json\'));\nrequest = request.defaults({ jar : j })\nrequest(\'http://www.google.com\', function() {\n  request(\'http://images.google.com\')\n})\n```\n\nThe cookie store must be a\n[`tough-cookie`](https://github.com/SalesforceEng/tough-cookie)\nstore and it must support synchronous operations; see the\n[`CookieStore` API docs](https://github.com/SalesforceEng/tough-cookie#cookiestore-api)\nfor details.\n\nTo inspect your cookie jar after a request:\n\n```js\nvar j = request.jar()\nrequest({url: \'http://www.google.com\', jar: j}, function () {\n  var cookie_string = j.getCookieString(url); // "key1=value1; key2=value2; ..."\n  var cookies = j.getCookies(url);\n  // [{key: \'key1\', value: \'value1\', domain: "www.google.com", ...}, ...]\n})\n```\n\n[back to top](#table-of-contents)\n',
70 silly resolved     readmeFilename: 'README.md',
70 silly resolved     _id: 'request@2.87.0',
70 silly resolved     _from: 'request@' },
70 silly resolved   { name: 'poloniex-api-node',
70 silly resolved     version: '1.9.0',
70 silly resolved     description: 'Simple node.js wrapper for Poloniex REST and WebSocket (push) API. Supports Callback and Promise',
70 silly resolved     main: './lib/poloniex.js',
70 silly resolved     scripts: { test: 'mocha' },
70 silly resolved     repository:
70 silly resolved      { type: 'git',
70 silly resolved        url: 'https://github.com/dutu/poloniex-api-node.git' },
70 silly resolved     keywords:
70 silly resolved      [ 'api',
70 silly resolved        'bitcoin',
70 silly resolved        'poloniex',
70 silly resolved        'btc',
70 silly resolved        'eth',
70 silly resolved        'REST',
70 silly resolved        'WebSocket',
70 silly resolved        'push' ],
70 silly resolved     author: { name: 'dutu', email: 'dutu@protonmail.com' },
70 silly resolved     license: 'MIT',
70 silly resolved     bugs: { url: 'https://github.com/dutu/poloniex-api-node/issues' },
70 silly resolved     homepage: 'https://github.com/dutu/poloniex-api-node',
70 silly resolved     dependencies:
70 silly resolved      { autobahn: '^18.3.2',
70 silly resolved        'big.js': '^5.0.3',
70 silly resolved        debug: '^3.1.0',
70 silly resolved        events: '^2.0.0',
70 silly resolved        nonce: '^1.0.4',
70 silly resolved        request: '^2.85.0',
70 silly resolved        'socks-proxy-agent': '^4.0.1',
70 silly resolved        ws: '^5.1.1' },
70 silly resolved     devDependencies: { chai: '^4.0.2', mocha: '^4.1.0' },
70 silly resolved     readme: 'poloniex-api-node\r\n=======\r\n[![Build Status](https://travis-ci.org/dutu/poloniex-api-node.svg?branch=master)](https://travis-ci.org/dutu/poloniex-api-node) [![Dependency Status](https://dependencyci.com/github/dutu/poloniex-api-node/badge)](https://dependencyci.com/github/dutu/poloniex-api-node) [![npm](https://img.shields.io/npm/dm/poloniex-api-node.svg)](https://www.npmjs.com/package/poloniex-api-node)\r\n\r\n\r\n\r\n**poloniex-api-node** is a simple node.js wrapper for Poloniex REST and WebSocket API.\r\n\r\nREST API supports both Callback and Promise.\r\n\r\nWebSocket API supports both the WAMP protocol (v1) and the new WebSocket API (v2).\r\n\r\n> The legacy WAMP push API (v1) is currently the WebSocket API officially documented. Lately, it is not stable and Poloniex servers are not handling the API properly due high load.\r\n>\r\n> The new WebSocket API (v2) is not yet officially documented, however its functionality is much faster and reliable. WebSocket API (v2) is also internally used by Poloniex.\r\n\r\n\r\n### Contents\r\n* [Install](#install)\r\n* [Quick examples](#quick-examples)\r\n* [Usage](#usage)\r\n\t* Constructor\r\n\t* REST API\r\n\t* WebSocket API (version 1 and version 2)\r\n* [Changelog](#changelog)\r\n* [Contributors](#contributors)\r\n* [License](#license)\r\n\r\n# Install\r\n\r\n    npm install --save poloniex-api-node\r\n\r\n# Quick examples\r\n\r\n> See additional examples in [examples folder](https://github.com/dutu/poloniex-api-node/tree/master/examples)\r\n\r\n### REST API examples\r\n\r\n> When calling the REST API methods, Callback is always the last parameter. When callback parameter is not present, the method will return a Promise.\r\n\r\nExample 1 (REST API using Callback):\r\n\r\n```js\r\nconst Poloniex = require(\'poloniex-api-node\');\r\nlet poloniex = new Poloniex();\r\n\r\npoloniex.returnTicker((err, ticker) => {\r\n  if (err) {\r\n    console.log(err.message);\r\n  } else {\r\n    console.log(ticker);\r\n  }\r\n});\r\n```\r\n\r\nExample 2 (REST API using Callback):\r\n\r\n```js\r\nconst Poloniex = require(\'poloniex-api-node\');\r\nlet poloniex = new Poloniex();\r\n\r\npoloniex.returnTicker(function (err, ticker) {\r\n  if (err) {\r\n    console.log(err.message);\r\n  } else {\r\n    console.log(ticker);\r\n  }\r\n});\r\n```\r\n\r\nExample 3 (REST API using Promise):\r\n\r\n```js\r\nconst Poloniex = require(\'poloniex-api-node\');\r\nlet poloniex = new Poloniex();\r\n\r\npoloniex.returnTicker().then((ticker) => {\r\n  console.log(ticker);\r\n}).catch((err) => {\r\n  console.log(err.message);\r\n});\r\n```\r\n\r\nExample 4 (set `socketTimeout` to 15 seconds):\r\n\r\n```js\r\nconst Poloniex = require(\'poloniex-api-node\');\r\nlet poloniex = new Poloniex(\'your_key\', \'your_secret\', { socketTimeout: 15000 });\r\n\r\npoloniex.returnLoanOrders(\'BTC\', null, function (err, ticker) {\r\n  if (!err) console.log(ticker);\r\n});\r\n```\r\n\r\nExample 4 (set `nonce` to custom function):\r\n\r\n```js\r\nconst Poloniex = require(\'poloniex-api-node\');\r\nlet poloniex = new Poloniex(\'your_key\', \'your_secret\', { nonce: () => new Date().time() });\r\n\r\npoloniex.returnLoanOrders(\'BTC\', null, function (err, ticker) {\r\n  if (!err) console.log(ticker);\r\n});\r\n```\r\n\r\n### WebSocket API examples\r\n\r\nExample (WebSocket API):\r\n\r\n```js\r\nconst Poloniex = require(\'poloniex-api-node\');\r\nlet poloniex = new Poloniex();\r\n\r\npoloniex.subscribe(\'ticker\');\r\npoloniex.subscribe(\'BTC_ETC\');\r\n\r\npoloniex.on(\'message\', (channelName, data, seq) => {\r\n  if (channelName === \'ticker\') {\r\n    console.log(`Ticker: ${data}`);\r\n  }\r\n\r\n  if (channelName === \'BTC_ETC\') {\r\n    console.log(`order book and trade updates received for currency pair ${channelName}`);\r\n    console.log(`data sequence number is ${seq}`);\r\n  }\r\n});\r\n\r\npoloniex.on(\'open\', () => {\r\n  console.log(`Poloniex WebSocket connection open`);\r\n});\r\n\r\npoloniex.on(\'close\', (reason, details) => {\r\n  console.log(`Poloniex WebSocket connection disconnected`);\r\n});\r\n\r\npoloniex.on(\'error\', (error) => {\r\n  console.log(`An error has occured`);\r\n});\r\n\r\npoloniex.openWebSocket({ version: 2 });\r\n```\r\n\r\n# Usage\r\n\r\n## Constructor\r\n\r\n### new Poloniex([key, secret,][options])\r\n\r\nTo access the private Poloniex API methods you must supply your API key id and key secret as the first two arguments. If you are only accessing the public API endpoints you can leave these two arguments out.\r\n\r\nDefault options:\r\n```js\r\n{\r\n  socketTimeout: 60000,\r\n  keepAlive: true,\r\n  nonce: nonce(16),\r\n  headers: { \'User-Agent\': \'poloniex-api-node *version*\' }\r\n}\r\n```\r\n\r\nExamples:\r\n\r\n```js\r\nlet poloniex;\r\npoloniex = new Poloniex();\r\npoloniex = new Poloniex({ socketTimeout: 10000 });\r\npoloniex = new Poloniex(\'myKey\', \'mySecret\');\r\npoloniex = new Poloniex(\'myKey\', \'mySecret\', { socketTimeout: 130000 });\r\n```\r\n\r\n#### Available options\r\n\r\n* `socketTimeout` - the number of milliseconds to wait for the server to send the response before aborting the request (REST API)\r\n* `keepAlive` - keep open and reuse the underlying TCP connection (REST API)\r\n* `proxy` - proxy to be used for requests (REST API)\r\n* `nonce` - custom function that returns an unique and ever increasing number\r\n* `agent` - sets specific http.Agent for REST API calls and WebSocket connection. (It is useful for using socks proxy to avoid the 403 error with CAPTCHA. See [#20](https://github.com/dutu/poloniex-api-node/issues/20#issuecomment-359789499))\r\n* `headers` - HTTP Headers, such as User-Agent, can be set in the object. See [https://github.com/request/request#custom-http-headers](https://github.com/request/request#custom-http-headers "the Request module")\r\n\r\n\r\n## REST API\r\n\r\nFor details about the API endpoints see full documentation at [https://poloniex.com/support/api/](https://poloniex.com/support/api/)\r\n\r\n**Important:** When calling an API method with optional parameters, the parameters, when not wanted, need to be passed as `null`.  \r\n\r\n#### Callback and Promise support\r\n\r\nBoth Callback and Promise are supported.\r\n\r\nCallback is always the last parameter. When callback parameter is not present the method will return a Promise.\r\n\r\n\r\n#### Callbacks\r\n\r\nThe arguments passed to the callback function for each method are:\r\n1. An error or `null` if no error occurred.\r\n2. An object containing the data returned by the Poloniex API.\r\n\r\n\r\n### Public API Methods\r\n\r\n\r\n#### returnTicker([callback])\r\n\r\nExamples:\r\n\r\n```js\r\npoloniex.returnTicker((err, ticker) => {\r\n  if (err) {\r\n    console.log(err.message);\r\n  } else {\r\n    console.log(ticker);\r\n  }\r\n});\r\n\r\n\r\npoloniex.returnTicker().then((ticker) => {\r\n  console.log(ticker);\r\n}).catch((err) => {\r\n  console.log(err.message);\r\n});\r\n```\r\n\r\n#### return24Volume([callback])\r\n\r\n#### returnOrderBook(currencyPair, depth [, callback])\r\n\r\n> Parameter `depth` is not documented in the official Poloniex API documentation. The parameter can be set to `null` or an integer value.\r\n\r\n#### returnTradeHistory(currencyPair, start, end, limit [, callback])\r\n\r\n> Parameter `limit` is not documented in the official Poloniex API documentation. The parameter can be set to `null` or an integer value.\r\n\r\n#### returnChartData(currencyPair, period, start, end [, callback])\r\n\r\n#### returnCurrencies([callback])\r\n\r\n#### returnLoanOrders(currency, limit [, callback])\r\n\r\nExamples:\r\n\r\n```js\r\npoloniex.returnLoanOrders(\'BTC\', null, (err, loanOrders) => {\r\n  if (err) {\r\n    console.log(err.message);\r\n  } else {\r\n    console.log(loanOrders);\r\n  }\r\n});\r\n\r\npoloniex.returnLoanOrders(\'BTC\', null).then((loanOrders) => {\r\n  console.log(loanOrders);\r\n}).catch((err) => {\r\n  console.log(err.message);\r\n});\r\n```\r\n\r\n### Trading API Methods\r\n\r\n#### returnBalances([callback])\r\n\r\n```js\r\npoloniex.returnBalances(function (err, balances) {\r\n  if (err) {\r\n    console.log(err.message);\r\n  } else {\r\n    console.log(balances);\r\n  }\r\n});\r\n\r\npoloniex.returnBalances().then((balances) => {\r\n  console.log(balances);\r\n}).catch((err) => {\r\n  console.log(err.message);\r\n});\r\n```\r\n\r\n#### returnCompleteBalances(account [, callback])\r\n\r\n#### returnDepositAddresses([callback])\r\n\r\n#### generateNewAddress(currency [, callback])\r\n\r\n#### returnDepositsWithdrawals(start, end [, callback])\r\n\r\n#### returnOpenOrders(currencyPair [, callback])\r\n\r\n#### returnMyTradeHistory(currencyPair, start, end, limit [, callback])\r\n\r\n#### returnOrderTrades(orderNumber [, callback])\r\n\r\n#### buy(currencyPair, rate, amount, fillOrKill, immediateOrCancel, postOnly [, callback])\r\n\r\n#### sell(currencyPair, rate, amount, fillOrKill, immediateOrCancel, postOnly [, callback])\r\n\r\n#### cancelOrder(orderNumber [, callback])\r\n\r\n#### moveOrder(orderNumber, rate, amount, immediateOrCancel, postOnly [, callback])\r\n\r\n#### withdraw(currency, amount, address, paymentId [, callback])\r\n\r\n> Parameter `paymentId` is used for certain withdrawals (e.g. XMR) and when not wanted/needed should be passed as `null`.\r\n\r\n#### returnFeeInfo([callback])\r\n\r\n#### returnAvailableAccountBalances(account [, callback])\r\n\r\n#### returnTradableBalances([callback])\r\n\r\n#### transferBalance(currency, amount, fromAccount, toAccount [, callback])\r\n\r\n#### returnMarginAccountSummary([callback])\r\n\r\n#### marginBuy(currencyPair, rate, amount, lendingRate [, callback])\r\n\r\n#### marginSell(currencyPair, rate, amount, lendingRate [, callback])\r\n\r\n#### getMarginPosition(currencyPair [, callback])\r\n\r\n#### closeMarginPosition(currencyPair [, callback])\r\n\r\n#### createLoanOffer(currency, amount, duration, autoRenew, lendingRate [, callback])\r\n\r\n#### cancelLoanOffer(orderNumber [, callback])\r\n\r\n#### returnOpenLoanOffers([callback])\r\n\r\n#### returnActiveLoans([callback])\r\n\r\n#### returnLendingHistory(start, end, limit [, callback])\r\n\r\n#### toggleAutoRenew(orderNumber [, callback])\r\n\r\n\r\n## Websocket API (version 1 and version 2)\r\n\r\nThis module implements both the legacy WAMP push API (v1) and the new WebSocket API (v2).\r\n\r\nAlthough the module facilitates the usage of v1 and v2 in a similar way, Poloniex implementation is completely different.\r\n\r\nThe legacy WAMP push API (v1) is currently the WebSocket API officially documented. Lately, it is not stable and Poloniex servers are not handling the API properly due high load.\r\n\r\nThe new WebSocket API (v2) is not yet officially documented, however its functionality is much faster and reliable. WebSocket API (v2) is also internally used by Poloniex.\r\n\r\n### Events\r\n\r\nA listener is registered using the `Poloniex.on()` method (since `Poloniex` class inherits the `EventEmitter`) and the listener will be invoked every time the named event is emitted.\r\n\r\nExample:\r\n```js\r\nlet poloniex = new Poloniex();\r\npoloniex.on(\'open\', () => {\r\n  console.log(`WebSocket connection is open.`);\r\n});\r\n```\r\n\r\nThe following events can be emitted:\r\n* `\'open\'`\r\n* `\'message\'`\r\n* `\'close\'`\r\n* `\'error\'`\r\n* `\'heartbeat\'`\r\n\r\n#### Event: `\'open\'`\r\n\r\nEmitted when WebSocket connection is established.\r\n\r\n#### Event: `\'message\'`\r\n\r\nEmitted when an update on a subscribed channel is received.\r\nSee method `subscribe` for details on data received and its format.\r\n\r\n#### Event: `\'close\'`\r\n\r\nEmitted when WebSocket connection is closed.\r\nSee method `closeWebSocket` for details on data received and its format.\r\n\r\n#### Event: `\'error\'`\r\n\r\nEmitted when an error occurs.\r\n\r\n> **Important:** You have to set `error` listener otherwise your app will throw an `Error` and exit if `error` event will occur (see: [Node.js Error events](https://nodejs.org/api/events.html#events_error_events))\r\n\r\nExample:\r\n```js\r\npoloniex.on(\'error\', (error) => {\r\n  console.log(error);\r\n});\r\n```\r\n\r\n#### Event: `\'heartbeat\'` (v2 only)\r\n\r\n Emitted if there is no update for more than 60 seconds\r\n\r\n\r\n### Methods\r\n\r\n#### openWebSocket([options])\r\n\r\nOpens WebSocket connection to Poloniex server.\r\nIf WebSocket connection is already open and `openWebSocket` is called again, the existing connection is closed and a new one is opened (equivalent to a full reset of the WebSocket connection).\r\n\r\nEvent `\'open\'` is emitted when connection is established.\r\n\r\nDefault options:\r\n```js\r\n{\r\n  version: 1\r\n}\r\n```\r\n\r\nTo use the new WebSocket API (v2), pass parameter option as `{ version: 2 }`\r\n\r\nExample:\r\n```js\r\nlet poloniex = new Poloniex();\r\npoloniex.on(\'open\', () => {\r\n  console.log(`WebSocket connection has be opened.`);\r\n});\r\npoloniex.openWebSocket({ version: 2 });\r\n```\r\n\r\n#### subscribe(channelName)\r\n\r\nIn order to receive updates over WebSocket, subscribe to following channels:\r\n* `\'ticker\'`\r\n* currencyPair (examples: `\'BTC_ETH\'`, `\'BTC_XMR\'`)\r\n* `\'footer\'`\r\n\r\nWhen an update on the subscribed channel is received `Poloniex` object emits the event `\'message\'`.\r\n\r\n > You can subscribe to a channel either before or after the WebSocket connection is opened with `openWebSocket`. If WebSocket connection is already open, the subscription is activated immediately. If WebSocket connection is not open yet, the `subscribe` is registering the subscription; all registered connections will be activated when `openWebSocket` is issued.\r\n\r\n##### Channel: `\'ticker\'`\r\n\r\nProvides ticker updates.\r\n\r\nExample:\r\n```js\r\nlet poloniex = new Poloniex();\r\npoloniex.subscribe(\'ticker\');\r\npoloniex.on(\'message\', (channelName, data) => {\r\n  if (channelName === \'ticker\') {\r\n    console.log(`Ticker: ${data}`);\r\n  }\r\n});\r\npoloniex.openWebSocket();\r\n```\r\nTicker updates will be in following format:\r\n\r\n```js\r\n{\r\n  "currencyPair": "BTC_XRP",\r\n  "last": "0.00005432",\r\n  "lowestAsk": "0.00005440",\r\n  "highestBid": "0.00005432",\r\n  "percentChange": "-0.02878598",\r\n  "baseVolume": "2862.99229490",\r\n  "quoteVolume": "52479031.35647538",\r\n  "isFrozen": 0,\r\n  "24hrHigh": "0.00005598",\r\n  "24hrLow": "0.00005264"\r\n}\r\n```\r\n\r\n\r\n##### Channel: currencyPair (examples: `\'BTC_ETH\'`, `\'BTC_XMR\'`)\r\n\r\nProvides order book and trade updates.\r\nSubscribe to the desired currencyPair, e.g. `\'BTC_ETC\'`, to receive order book and trade updates.\r\n\r\nExample:\r\n```js\r\nlet poloniex = new Poloniex();\r\npoloniex.openWebSocket();\r\npoloniex.subscribe(\'BTC_ETH\');\r\npoloniex.on(\'message\', (channelName, data, seq) => {\r\n  if (channelName === \'BTC_ETH\') {\r\n    console.log(`order book and trade updates received for currency pair ${channelName}`);\r\n    console.log(`data sequence number is ${seq}`);\r\n  }\r\n});\r\n```\r\n\r\nThere are four types of messages (described below)\r\n* `orderBook` (v2 only)\r\n* `orderBookModify`\r\n* `orderBookRemove`\r\n* `newTrade`\r\n\r\n######  orderBook (v2 only)\r\n\r\nProvides a snapshot of the order book for the subscribed currency pair. The message is emited imediatelly after subscription to the currency pair is activated.\r\n\r\nThe data for `orderBook` snapshot is provided in the following format:\r\n\r\n```js\r\n[\r\n  {\r\n    "type": "orderBook",\r\n    "data": {\r\n      "asks": {\r\n        "0.06964408": "0.16219637",\r\n        "0.06964599": "10.40000000",\r\n        "0.06964600": "33.11470000",\r\n        "0.06965590": "0.00427159",\r\n      },\r\n      "bids": {\r\n        "0.06963545": "14.03591058",\r\n        "0.06960000": "16.53833125",\r\n        "0.06957303": "3.46440626",\r\n        "0.06957300": "33.11720000",\r\n     }\r\n    }\r\n  }\r\n]\r\n```\r\n\r\n> This message type is only valid for the new WebSocket API (v2). When WAMP API (v1) is used, the orderBook snapshot has to be retrieved using REST API method `returnOrderBook`.\r\n\r\n\r\n###### orderBookModify and orderBookRemove\r\n\r\nThere are two types of order book updates `orderBookModify` and `orderBookRemove`, provided in the following formats:\r\n\r\n```js\r\n[\r\n  {\r\n    "type": "orderBookModify",\r\n    "data": {\r\n      "type": "bid",\r\n      "rate": "0.06961000",\r\n      "amount": "33.11630000"\r\n    }\r\n  }\r\n]\r\n```\r\n\r\n```js\r\n[\r\n  {\r\n    "type": "orderBookRemove",\r\n    "data": {\r\n      "type": "bid",\r\n      "rate": "0.06957300",\r\n      "amount": "0.00000000"\r\n    }\r\n  }\r\n]\r\n```\r\n\r\nUpdates of type `orderBookModify` can be either additions to the order book or changes to existing entries. The value of `amount` indicates the new total amount on the books at the given rate — in other words, it replaces any previous value, rather than indicates an adjustment to a previous value.\r\n\r\nEach `message` event will pass the parameter `seq`, indicating the a sequence number. In order to keep your order book consistent, you will need to ensure that messages are applied in the order of their sequence numbers, even if they arrive out of order.\r\n\r\nSeveral order book and trade history updates will often arrive in a single message. Be sure to loop through the entire array, otherwise you will miss some updates.\r\n\r\n######  newTrade\r\n\r\nTrade history updates are provided in the following format:\r\n```js\r\n\r\n[\r\n  {\r\n    "type": "newTrade",\r\n    "data": {\r\n      "tradeID": "34816326",\r\n      "type": "sell",\r\n      "rate": "0.07006406",\r\n      "amount": "0.14341700",\r\n      "total": "0.01004838",\r\n      "date": "2017-10-06T22:37:52.000Z"\r\n    }\r\n  }\r\n]\r\n```\r\n\r\n> **Important:** Several order book and trade history updates will often arrive in a single message. Be sure to loop through the entire array, otherwise you will miss some updates.\r\n\r\n\r\n##### Channel: `\'footer\'`\r\n\r\nProvides other info updates.\r\n\r\nExample:\r\n```js\r\nlet poloniex = new Poloniex();\r\npoloniex.subscribe(\'footer\');\r\npoloniex.on(\'message\', (channelName, data) => {\r\n  if (channelName === \'footer\') {\r\n    console.log(data);\r\n  }\r\n});\r\npoloniex.openWebSocket();\r\n```\r\n\r\nThe updates will be in following format:\r\n\r\n```js\r\n[\r\n  {\r\n    "serverTime": "2017-10-04 12:55",\r\n    "usersOnline": 18438,\r\n    "volume": {\r\n      "BTC": "13014.809",\r\n      "ETH": "3725.101",\r\n      "XMR": "354.380",\r\n      "USDT": "24511953.302"\r\n    }\r\n  }\r\n]\r\n```\r\n\r\n> Channel `\'footer\'` is not documented in the official Poloniex API documentation.\r\n\r\n\r\n#### unsubscribe(channelName)\r\n\r\nUnsubscribes a previously established channel subscription. Once unsubscribed there will be no more channel updates received.\r\n\r\nExample:\r\n```js\r\nlet poloniex = new Poloniex();\r\npoloniex.openWebSocket();\r\npoloniex.subscribe(\'BTC_ETH\');\r\npoloniex.on(\'message\', (channelName, data, seq) => {\r\n  if (channelName === \'BTC_ETH\') {\r\n    console.log(`order book and trade updates received for currency pair ${channelName}`);\r\n    console.log(`data sequence number is ${seq}`);\r\n  }\r\n});\r\npoloniex.unsubscribe(\'BTC_ETH\');\r\n```\r\n\r\n\r\n#### closeWebSocket()\r\n\r\nCloses WebSocket connection previously opened.\r\nEvent `\'close\'` is emitted when connection closes.\r\n\r\nExample (v1):\r\n```js\r\nlet poloniex = new Poloniex();\r\npoloniex.on(\'open\', () => {\r\n  poloniex.closeWebSocket();\r\n});\r\npoloniex.on(\'close\', (reason, details) => {\r\n  console.log(`WebSocket connection has been closed`);\r\n});\r\npoloniex.openWebSocket();\r\n```\r\n\r\nExample (v2):\r\n```js\r\nlet poloniex = new Poloniex();\r\npoloniex.on(\'open\', () => {\r\n  poloniex.closeWebSocket();\r\n});\r\npoloniex.on(\'close\', (reason, code) => {\r\n  console.log(`WebSocket connection has been closed`);\r\n});\r\npoloniex.openWebSocket();\r\n```\r\n\r\n# Changelog\r\n\r\nSee detailed [Changelog](CHANGELOG.md)\r\n\r\n# Contributors\r\n\r\n* [dutu](https://github.com/dutu) (<dutu@protonmail.com>)\r\n* [aloysius-pgast](https://github.com/aloysius-pgast)\r\n* [julesGoullee](https://github.com/julesGoullee) (<julesgoullee@gmail.com>)\r\n* [kevflynn](https://github.com/kevflynn) ([Kevin](http://www.kevflynn.com))\r\n* [Denis Bezrukov](https://github.com/anthrax63)\r\n* [Wallison Santos](https://github.com/wallybh) (<wallison@outlook.com>)\r\n* [epdev](https://github.com/epdev)\r\n* [BarnumD](https://github.com/BarnumD)\r\n* [Robert Valmassoi](https://github.com/valmassoi) (<rvalmassoi@protonmail.com>)\r\n* [zymnytskiy](https://github.com/zymnytskiy)\r\n* [zunderbolt](https://github.com/zunderbolt)\r\n* [SeanRobb](https://github.com/SeanRobb)\r\n\r\n# License\r\n\r\n[MIT](LICENSE)\r\n',
70 silly resolved     readmeFilename: 'README.md',
70 silly resolved     _id: 'poloniex-api-node@1.9.0',
70 silly resolved     _from: 'poloniex-api-node@' } ]
71 info install request@2.87.0 into /home/jsuguitan07/blockchains
72 info install poloniex-api-node@1.9.0 into /home/jsuguitan07/blockchains
73 info installOne request@2.87.0
74 warn engine request@2.87.0: wanted: {"node":">= 4"} (current: {"node":"v0.10.25","npm":"1.3.10"})
75 info installOne poloniex-api-node@1.9.0
76 info /home/jsuguitan07/blockchains/node_modules/request unbuild
77 info /home/jsuguitan07/blockchains/node_modules/poloniex-api-node unbuild
78 info /home/jsuguitan07/blockchains/node_modules/request unbuild
79 info /home/jsuguitan07/blockchains/node_modules/poloniex-api-node unbuild
80 error error rolling back Error: EACCES, unlink '/home/jsuguitan07/blockchains/node_modules/request/node_modules/.bin/uuid'
80 error error rolling back  request@2.87.0 { [Error: EACCES, unlink '/home/jsuguitan07/blockchains/node_modules/request/node_modules/.bin/uuid']
80 error error rolling back   errno: 3,
80 error error rolling back   code: 'EACCES',
80 error error rolling back   path: '/home/jsuguitan07/blockchains/node_modules/request/node_modules/.bin/uuid' }
81 error Error: EACCES, unlink '/home/jsuguitan07/blockchains/node_modules/request/node_modules/.bin/uuid'
81 error  { [Error: EACCES, unlink '/home/jsuguitan07/blockchains/node_modules/request/node_modules/.bin/uuid']
81 error   errno: 3,
81 error   code: 'EACCES',
81 error   path: '/home/jsuguitan07/blockchains/node_modules/request/node_modules/.bin/uuid' }
82 error Please try running this command again as root/Administrator.
83 error System Linux 3.13.0-32-generic
84 error command "/usr/bin/nodejs" "/usr/bin/npm" "install" "poloniex-api-node" "request" "--save"
85 error cwd /home/jsuguitan07/blockchains
86 error node -v v0.10.25
87 error npm -v 1.3.10
88 error path /home/jsuguitan07/blockchains/node_modules/request/node_modules/.bin/uuid
89 error code EACCES
90 error errno 3
91 error stack Error: EACCES, unlink '/home/jsuguitan07/blockchains/node_modules/request/node_modules/.bin/uuid'
92 verbose exit [ 3, true ]
